<?xml version="1.0" encoding="UTF-8"?>
<testng-results skipped="0" failed="0" ignored="0" total="1" passed="1">
  <reporter-output>
  </reporter-output>
  <suite name="Suite" duration-ms="10321" started-at="2019-08-18T09:58:52Z" finished-at="2019-08-18T09:59:02Z">
    <groups>
    </groups>
    <test name="testnew" duration-ms="10321" started-at="2019-08-18T09:58:52Z" finished-at="2019-08-18T09:59:02Z">
      <class name="com.model.registerloginnew">
        <test-method status="PASS" signature="beforeSuite()[pri:0, instance:com.model.registerloginnew@20e2cbe0]" name="beforeSuite" is-config="true" duration-ms="2791" started-at="2019-08-18T09:58:49Z" finished-at="2019-08-18T09:58:52Z">
          <reporter-output>
          </reporter-output>
        </test-method> <!-- beforeSuite -->
        <test-method status="PASS" signature="beforeTest(java.lang.String)[pri:0, instance:com.model.registerloginnew@20e2cbe0]" name="beforeTest" is-config="true" duration-ms="3312" started-at="2019-08-18T09:58:52Z" finished-at="2019-08-18T09:58:55Z">
          <params>
            <param index="0">
              <value>
                <![CDATA[http://www.newtours.demoaut.com/mercuryregister.php?osCsid=e9e69de5f8ea9596390680cfdc1e8566]]>
              </value>
            </param>
          </params>
          <reporter-output>
          </reporter-output>
        </test-method> <!-- beforeTest -->
        <test-method status="PASS" signature="beforeClass()[pri:0, instance:com.model.registerloginnew@20e2cbe0]" name="beforeClass" is-config="true" duration-ms="1132" started-at="2019-08-18T09:58:55Z" finished-at="2019-08-18T09:58:56Z">
          <reporter-output>
          </reporter-output>
        </test-method> <!-- beforeClass -->
        <test-method status="PASS" signature="beforeMethod()[pri:0, instance:com.model.registerloginnew@20e2cbe0]" name="beforeMethod" is-config="true" duration-ms="0" started-at="2019-08-18T09:58:56Z" finished-at="2019-08-18T09:58:56Z">
          <reporter-output>
          </reporter-output>
        </test-method> <!-- beforeMethod -->
        <test-method status="PASS" signature="Registerpagesuccessful(java.lang.String, java.lang.String, java.lang.String, java.lang.String, java.lang.String, java.lang.String, java.lang.String, java.lang.String, java.lang.String, java.lang.String, java.lang.String)[pri:0, instance:com.model.registerloginnew@20e2cbe0]" name="Registerpagesuccessful" duration-ms="5833" started-at="2019-08-18T09:58:56Z" finished-at="2019-08-18T09:59:02Z">
          <params>
            <param index="0">
              <value>
                <![CDATA[farjeen]]>
              </value>
            </param>
            <param index="1">
              <value>
                <![CDATA[Attar]]>
              </value>
            </param>
            <param index="2">
              <value>
                <![CDATA[9876543209]]>
              </value>
            </param>
            <param index="3">
              <value>
                <![CDATA[fg@gmail.com]]>
              </value>
            </param>
            <param index="4">
              <value>
                <![CDATA[akurdi]]>
              </value>
            </param>
            <param index="5">
              <value>
                <![CDATA[pune]]>
              </value>
            </param>
            <param index="6">
              <value>
                <![CDATA[maharashtra]]>
              </value>
            </param>
            <param index="7">
              <value>
                <![CDATA[546456]]>
              </value>
            </param>
            <param index="8">
              <value>
                <![CDATA[faree56]]>
              </value>
            </param>
            <param index="9">
              <value>
                <![CDATA[passwd123]]>
              </value>
            </param>
            <param index="10">
              <value>
                <![CDATA[passwd123]]>
              </value>
            </param>
          </params>
          <reporter-output>
          </reporter-output>
        </test-method> <!-- Registerpagesuccessful -->
        <test-method status="PASS" signature="afterMethod()[pri:0, instance:com.model.registerloginnew@20e2cbe0]" name="afterMethod" is-config="true" duration-ms="2" started-at="2019-08-18T09:59:02Z" finished-at="2019-08-18T09:59:02Z">
          <reporter-output>
          </reporter-output>
        </test-method> <!-- afterMethod -->
        <test-method status="PASS" signature="afterClass()[pri:0, instance:com.model.registerloginnew@20e2cbe0]" name="afterClass" is-config="true" duration-ms="1" started-at="2019-08-18T09:59:02Z" finished-at="2019-08-18T09:59:02Z">
          <reporter-output>
          </reporter-output>
        </test-method> <!-- afterClass -->
        <test-method status="PASS" signature="afterTest()[pri:0, instance:com.model.registerloginnew@20e2cbe0]" name="afterTest" is-config="true" duration-ms="1" started-at="2019-08-18T09:59:02Z" finished-at="2019-08-18T09:59:02Z">
          <reporter-output>
          </reporter-output>
        </test-method> <!-- afterTest -->
        <test-method status="PASS" signature="afterSuite()[pri:0, instance:com.model.registerloginnew@20e2cbe0]" name="afterSuite" is-config="true" duration-ms="1" started-at="2019-08-18T09:59:02Z" finished-at="2019-08-18T09:59:02Z">
          <reporter-output>
          </reporter-output>
        </test-method> <!-- afterSuite -->
      </class> <!-- com.model.registerloginnew -->
    </test> <!-- testnew -->
  </suite> <!-- Suite -->
</testng-results>
